<?xml version="1.0" encoding="UTF-8"?><testsuite failures="0" name="cucumber.runtime.formatter.JUnitFormatter" skipped="0" tests="1" time="164.218387">
<testcase classname="Backoffice Customer" name="Merchant onboarding2" time="164.218387">
<system-out><![CDATA[Given I am a backoffice user................................................passed
And I login to backoffice with valid credentials............................passed
And I open new merchant list................................................passed
And I open add merchant.....................................................passed
When I fill form............................................................passed
And I add merchant..........................................................passed
Then I should see success message...........................................passed
]]></system-out>
</testcase>
</testsuite>
