<?xml version="1.0" encoding="UTF-8"?><testsuite failures="1" name="cucumber.runtime.formatter.JUnitFormatter" skipped="0" tests="1" time="103.699722">
<testcase classname="Trendyol" name="Add product into basket" time="103.699722">
<failure message="java.lang.AssertionError&#13;&#10;&#9;at org.junit.Assert.fail(Assert.java:86)&#13;&#10;&#9;at org.junit.Assert.assertTrue(Assert.java:41)&#13;&#10;&#9;at org.junit.Assert.assertTrue(Assert.java:52)&#13;&#10;&#9;at com.trendyol.stepdefs.TrendyolBotiqueProductSelectionSteps.productShouldBeInTheBasket(TrendyolBotiqueProductSelectionSteps.java:34)&#13;&#10;&#9;at ✽.Then Product should be in the basket(trendyol.feature:15)&#13;&#10;"><![CDATA[Given I am a trendyol user..................................................passed
And I login to trendyol with valid credentials..............................passed
When I open a menu 1 category...............................................passed
And I open product detail...................................................passed
And I add a product into the basket.........................................passed
Then Product should be in the basket........................................failed

StackTrace:
java.lang.AssertionError
	at org.junit.Assert.fail(Assert.java:86)
	at org.junit.Assert.assertTrue(Assert.java:41)
	at org.junit.Assert.assertTrue(Assert.java:52)
	at com.trendyol.stepdefs.TrendyolBotiqueProductSelectionSteps.productShouldBeInTheBasket(TrendyolBotiqueProductSelectionSteps.java:34)
	at ✽.Then Product should be in the basket(trendyol.feature:15)
]]></failure>
</testcase>
</testsuite>
