<?xml version="1.0" encoding="UTF-8"?><testsuite failures="0" name="cucumber.runtime.formatter.JUnitFormatter" skipped="0" tests="3" time="216.898766">
<testcase classname="Trendyol" name="Valid login" time="33.206823">
<system-out><![CDATA[Given I am a trendyol user..................................................passed
When I login to trendyol with valid credentials.............................passed
Then I should be logged in..................................................passed
]]></system-out>
</testcase>
<testcase classname="Trendyol" name="Add product into basket" time="110.804624">
<system-out><![CDATA[Given I am a trendyol user..................................................passed
And I login to trendyol with valid credentials..............................passed
When I open a menu 1 category...............................................passed
And I open product detail...................................................passed
And I add a product into the basket.........................................passed
Then Product should be in the basket........................................passed
And I should logged out.....................................................passed
]]></system-out>
</testcase>
<testcase classname="Trendyol" name="Check tabbed menu pages 1" time="72.887319">
<system-out><![CDATA[Given I am a trendyol user..................................................passed
And I login to trendyol with valid credentials..............................passed
When I open a menu 1 category...............................................passed
Then Page should be loaded properly.........................................passed
]]></system-out>
</testcase>
</testsuite>
