<?xml version="1.0" encoding="UTF-8"?><testsuite failures="1" name="cucumber.runtime.formatter.JUnitFormatter" skipped="0" tests="1" time="37.852558">
<testcase classname="Trendyol" name="Valid login" time="37.852558">
<failure message="java.lang.AssertionError&#13;&#10;&#9;at org.junit.Assert.fail(Assert.java:86)&#13;&#10;&#9;at org.junit.Assert.assertTrue(Assert.java:41)&#13;&#10;&#9;at org.junit.Assert.assertTrue(Assert.java:52)&#13;&#10;&#9;at com.trendyol.stepdefs.TrendyolLoginSteps.iShouldBeLoggedIn(TrendyolLoginSteps.java:43)&#13;&#10;&#9;at ✽.Then I should be logged in(trendyol.feature:7)&#13;&#10;"><![CDATA[Given I am a trendyol user..................................................passed
When I login to trendyol with valid credentials.............................passed
Then I should be logged in..................................................failed

StackTrace:
java.lang.AssertionError
	at org.junit.Assert.fail(Assert.java:86)
	at org.junit.Assert.assertTrue(Assert.java:41)
	at org.junit.Assert.assertTrue(Assert.java:52)
	at com.trendyol.stepdefs.TrendyolLoginSteps.iShouldBeLoggedIn(TrendyolLoginSteps.java:43)
	at ✽.Then I should be logged in(trendyol.feature:7)
]]></failure>
</testcase>
</testsuite>
