<?xml version="1.0" encoding="UTF-8"?><testsuite failures="0" name="cucumber.runtime.formatter.JUnitFormatter" skipped="1" tests="1" time="8.936814">
<testcase classname="Backoffice Customer" name="Merchant onboarding2" time="8.936814">
<skipped><![CDATA[Given I am a backoffice user................................................passed
And I login to backoffice with valid credentials............................passed
And I open new merchant list................................................passed
When I fill form............................................................pending
And I add merchant..........................................................skipped
Then I should see success message...........................................skipped
]]></skipped>
</testcase>
</testsuite>
