<?xml version="1.0" encoding="UTF-8"?><testsuite failures="0" name="cucumber.runtime.formatter.JUnitFormatter" skipped="0" tests="10" time="408.067765">
<testcase classname="Trendyol" name="Check tabbed menu pages 1" time="73.719594">
<system-out><![CDATA[Given I am a trendyol user..................................................passed
And I login to trendyol with valid credentials..............................passed
When I open a menu 1 category...............................................passed
Then Page should be loaded properly.........................................passed
And I should logged out.....................................................passed
]]></system-out>
</testcase>
<testcase classname="Trendyol" name="Check tabbed menu pages 2" time="60.477917">
<system-out><![CDATA[Given I am a trendyol user..................................................passed
And I login to trendyol with valid credentials..............................passed
When I open a menu 2 category...............................................passed
Then Page should be loaded properly.........................................passed
And I should logged out.....................................................passed
]]></system-out>
</testcase>
<testcase classname="Trendyol" name="Check tabbed menu pages 3" time="41.816367">
<system-out><![CDATA[Given I am a trendyol user..................................................passed
And I login to trendyol with valid credentials..............................passed
When I open a menu 3 category...............................................passed
Then Page should be loaded properly.........................................passed
And I should logged out.....................................................passed
]]></system-out>
</testcase>
<testcase classname="Trendyol" name="Check tabbed menu pages 4" time="34.479559">
<system-out><![CDATA[Given I am a trendyol user..................................................passed
And I login to trendyol with valid credentials..............................passed
When I open a menu 4 category...............................................passed
Then Page should be loaded properly.........................................passed
And I should logged out.....................................................passed
]]></system-out>
</testcase>
<testcase classname="Trendyol" name="Check tabbed menu pages 5" time="31.352152">
<system-out><![CDATA[Given I am a trendyol user..................................................passed
And I login to trendyol with valid credentials..............................passed
When I open a menu 5 category...............................................passed
Then Page should be loaded properly.........................................passed
And I should logged out.....................................................passed
]]></system-out>
</testcase>
<testcase classname="Trendyol" name="Check tabbed menu pages 6" time="35.188608">
<system-out><![CDATA[Given I am a trendyol user..................................................passed
And I login to trendyol with valid credentials..............................passed
When I open a menu 6 category...............................................passed
Then Page should be loaded properly.........................................passed
And I should logged out.....................................................passed
]]></system-out>
</testcase>
<testcase classname="Trendyol" name="Check tabbed menu pages 7" time="33.317">
<system-out><![CDATA[Given I am a trendyol user..................................................passed
And I login to trendyol with valid credentials..............................passed
When I open a menu 7 category...............................................passed
Then Page should be loaded properly.........................................passed
And I should logged out.....................................................passed
]]></system-out>
</testcase>
<testcase classname="Trendyol" name="Check tabbed menu pages 8" time="30.812517">
<system-out><![CDATA[Given I am a trendyol user..................................................passed
And I login to trendyol with valid credentials..............................passed
When I open a menu 8 category...............................................passed
Then Page should be loaded properly.........................................passed
And I should logged out.....................................................passed
]]></system-out>
</testcase>
<testcase classname="Trendyol" name="Check tabbed menu pages 9" time="29.572806">
<system-out><![CDATA[Given I am a trendyol user..................................................passed
And I login to trendyol with valid credentials..............................passed
When I open a menu 9 category...............................................passed
Then Page should be loaded properly.........................................passed
And I should logged out.....................................................passed
]]></system-out>
</testcase>
<testcase classname="Trendyol" name="Check tabbed menu pages 10" time="37.331245">
<system-out><![CDATA[Given I am a trendyol user..................................................passed
And I login to trendyol with valid credentials..............................passed
When I open a menu 10 category..............................................passed
Then Page should be loaded properly.........................................passed
And I should logged out.....................................................passed
]]></system-out>
</testcase>
</testsuite>
