<?xml version="1.0" encoding="UTF-8"?><testsuite failures="1" name="cucumber.runtime.formatter.JUnitFormatter" skipped="0" tests="1" time="34.94">
<testcase classname="Trendyol" name="Valid login" time="34.94">
<failure message="org.openqa.selenium.UnsupportedCommandException: mouseMoveTo&#10;Build info: version: '3.4.0', revision: 'unknown', time: 'unknown'&#10;System info: host: 'ONUR-PC', ip: '192.168.56.1', os.name: 'Windows 7', os.arch: 'amd64', os.version: '6.1', java.version: '1.8.0_162'&#10;Driver info: driver.version: RemoteWebDriver&#13;&#10;&#9;at org.openqa.selenium.remote.http.AbstractHttpCommandCodec.encode(AbstractHttpCommandCodec.java:220)&#13;&#10;&#9;at org.openqa.selenium.remote.http.AbstractHttpCommandCodec.encode(AbstractHttpCommandCodec.java:118)&#13;&#10;&#9;at org.openqa.selenium.remote.HttpCommandExecutor.execute(HttpCommandExecutor.java:158)&#13;&#10;&#9;at org.openqa.selenium.remote.service.DriverCommandExecutor.execute(DriverCommandExecutor.java:82)&#13;&#10;&#9;at org.openqa.selenium.remote.RemoteWebDriver.execute(RemoteWebDriver.java:637)&#13;&#10;&#9;at org.openqa.selenium.remote.RemoteExecuteMethod.execute(RemoteExecuteMethod.java:35)&#13;&#10;&#9;at org.openqa.selenium.remote.RemoteMouse.mouseMove(RemoteMouse.java:89)&#13;&#10;&#9;at com.trendyol.framework.Helper.mouseMove(Helper.java:41)&#13;&#10;&#9;at com.trendyol.pageobjects.web.TrendyolLoginPageObject.login(TrendyolLoginPageObject.java:41)&#13;&#10;&#9;at com.trendyol.stepdefs.TrendyolLoginSteps.iLoginToTrendyolWithValidCredentials(TrendyolLoginSteps.java:29)&#13;&#10;&#9;at ✽.When I login to trendyol with valid credentials(trendyol.feature:6)&#13;&#10;"><![CDATA[Given I am a trendyol user..................................................passed
When I login to trendyol with valid credentials.............................failed
Then I should be logged in..................................................skipped

StackTrace:
org.openqa.selenium.UnsupportedCommandException: mouseMoveTo
Build info: version: '3.4.0', revision: 'unknown', time: 'unknown'
System info: host: 'ONUR-PC', ip: '192.168.56.1', os.name: 'Windows 7', os.arch: 'amd64', os.version: '6.1', java.version: '1.8.0_162'
Driver info: driver.version: RemoteWebDriver
	at org.openqa.selenium.remote.http.AbstractHttpCommandCodec.encode(AbstractHttpCommandCodec.java:220)
	at org.openqa.selenium.remote.http.AbstractHttpCommandCodec.encode(AbstractHttpCommandCodec.java:118)
	at org.openqa.selenium.remote.HttpCommandExecutor.execute(HttpCommandExecutor.java:158)
	at org.openqa.selenium.remote.service.DriverCommandExecutor.execute(DriverCommandExecutor.java:82)
	at org.openqa.selenium.remote.RemoteWebDriver.execute(RemoteWebDriver.java:637)
	at org.openqa.selenium.remote.RemoteExecuteMethod.execute(RemoteExecuteMethod.java:35)
	at org.openqa.selenium.remote.RemoteMouse.mouseMove(RemoteMouse.java:89)
	at com.trendyol.framework.Helper.mouseMove(Helper.java:41)
	at com.trendyol.pageobjects.web.TrendyolLoginPageObject.login(TrendyolLoginPageObject.java:41)
	at com.trendyol.stepdefs.TrendyolLoginSteps.iLoginToTrendyolWithValidCredentials(TrendyolLoginSteps.java:29)
	at ✽.When I login to trendyol with valid credentials(trendyol.feature:6)
]]></failure>
</testcase>
</testsuite>
