<?xml version="1.0" encoding="UTF-8"?><testsuite failures="11" name="cucumber.runtime.formatter.JUnitFormatter" skipped="0" tests="12" time="693.544273">
<testcase classname="Trendyol" name="Valid login" time="55.231721">
<system-out><![CDATA[Given I am a trendyol user..................................................passed
When I login to trendyol with valid credentials.............................passed
Then I should be logged in..................................................passed
]]></system-out>
</testcase>
<testcase classname="Trendyol" name="Add product into basket" time="102.609847">
<failure message="java.lang.IndexOutOfBoundsException: Index: 7, Size: 0&#13;&#10;&#9;at java.util.ArrayList.rangeCheck(ArrayList.java:657)&#13;&#10;&#9;at java.util.ArrayList.get(ArrayList.java:433)&#13;&#10;&#9;at com.trendyol.pageobjects.web.TrendyolLoginPageObject.logout(TrendyolLoginPageObject.java:58)&#13;&#10;&#9;at com.trendyol.stepdefs.TrendyolLoginSteps.iShouldLoggedOut(TrendyolLoginSteps.java:48)&#13;&#10;&#9;at ✽.And I should logged out(trendyol.feature:16)&#13;&#10;"><![CDATA[Given I am a trendyol user..................................................passed
And I login to trendyol with valid credentials..............................passed
When I open a menu 1 category...............................................passed
And I open product detail...................................................passed
And I add a product into the basket.........................................passed
Then Product should be in the basket........................................passed
And I should logged out.....................................................failed

StackTrace:
java.lang.IndexOutOfBoundsException: Index: 7, Size: 0
	at java.util.ArrayList.rangeCheck(ArrayList.java:657)
	at java.util.ArrayList.get(ArrayList.java:433)
	at com.trendyol.pageobjects.web.TrendyolLoginPageObject.logout(TrendyolLoginPageObject.java:58)
	at com.trendyol.stepdefs.TrendyolLoginSteps.iShouldLoggedOut(TrendyolLoginSteps.java:48)
	at ✽.And I should logged out(trendyol.feature:16)
]]></failure>
</testcase>
<testcase classname="Trendyol" name="Check tabbed menu pages 1" time="53.422842">
<failure message="java.lang.IndexOutOfBoundsException: Index: 7, Size: 0&#13;&#10;&#9;at java.util.ArrayList.rangeCheck(ArrayList.java:657)&#13;&#10;&#9;at java.util.ArrayList.get(ArrayList.java:433)&#13;&#10;&#9;at com.trendyol.pageobjects.web.TrendyolLoginPageObject.logout(TrendyolLoginPageObject.java:58)&#13;&#10;&#9;at com.trendyol.stepdefs.TrendyolLoginSteps.iShouldLoggedOut(TrendyolLoginSteps.java:48)&#13;&#10;&#9;at ✽.And I should logged out(trendyol.feature:23)&#13;&#10;"><![CDATA[Given I am a trendyol user..................................................passed
And I login to trendyol with valid credentials..............................passed
When I open a menu 1 category...............................................passed
Then Page should be loaded properly.........................................passed
And I should logged out.....................................................failed

StackTrace:
java.lang.IndexOutOfBoundsException: Index: 7, Size: 0
	at java.util.ArrayList.rangeCheck(ArrayList.java:657)
	at java.util.ArrayList.get(ArrayList.java:433)
	at com.trendyol.pageobjects.web.TrendyolLoginPageObject.logout(TrendyolLoginPageObject.java:58)
	at com.trendyol.stepdefs.TrendyolLoginSteps.iShouldLoggedOut(TrendyolLoginSteps.java:48)
	at ✽.And I should logged out(trendyol.feature:23)
]]></failure>
</testcase>
<testcase classname="Trendyol" name="Check tabbed menu pages 2" time="53.755197">
<failure message="java.lang.IndexOutOfBoundsException: Index: 7, Size: 0&#13;&#10;&#9;at java.util.ArrayList.rangeCheck(ArrayList.java:657)&#13;&#10;&#9;at java.util.ArrayList.get(ArrayList.java:433)&#13;&#10;&#9;at com.trendyol.pageobjects.web.TrendyolLoginPageObject.logout(TrendyolLoginPageObject.java:58)&#13;&#10;&#9;at com.trendyol.stepdefs.TrendyolLoginSteps.iShouldLoggedOut(TrendyolLoginSteps.java:48)&#13;&#10;&#9;at ✽.And I should logged out(trendyol.feature:23)&#13;&#10;"><![CDATA[Given I am a trendyol user..................................................passed
And I login to trendyol with valid credentials..............................passed
When I open a menu 2 category...............................................passed
Then Page should be loaded properly.........................................passed
And I should logged out.....................................................failed

StackTrace:
java.lang.IndexOutOfBoundsException: Index: 7, Size: 0
	at java.util.ArrayList.rangeCheck(ArrayList.java:657)
	at java.util.ArrayList.get(ArrayList.java:433)
	at com.trendyol.pageobjects.web.TrendyolLoginPageObject.logout(TrendyolLoginPageObject.java:58)
	at com.trendyol.stepdefs.TrendyolLoginSteps.iShouldLoggedOut(TrendyolLoginSteps.java:48)
	at ✽.And I should logged out(trendyol.feature:23)
]]></failure>
</testcase>
<testcase classname="Trendyol" name="Check tabbed menu pages 3" time="55.086599">
<failure message="java.lang.IndexOutOfBoundsException: Index: 7, Size: 0&#13;&#10;&#9;at java.util.ArrayList.rangeCheck(ArrayList.java:657)&#13;&#10;&#9;at java.util.ArrayList.get(ArrayList.java:433)&#13;&#10;&#9;at com.trendyol.pageobjects.web.TrendyolLoginPageObject.logout(TrendyolLoginPageObject.java:58)&#13;&#10;&#9;at com.trendyol.stepdefs.TrendyolLoginSteps.iShouldLoggedOut(TrendyolLoginSteps.java:48)&#13;&#10;&#9;at ✽.And I should logged out(trendyol.feature:23)&#13;&#10;"><![CDATA[Given I am a trendyol user..................................................passed
And I login to trendyol with valid credentials..............................passed
When I open a menu 3 category...............................................passed
Then Page should be loaded properly.........................................passed
And I should logged out.....................................................failed

StackTrace:
java.lang.IndexOutOfBoundsException: Index: 7, Size: 0
	at java.util.ArrayList.rangeCheck(ArrayList.java:657)
	at java.util.ArrayList.get(ArrayList.java:433)
	at com.trendyol.pageobjects.web.TrendyolLoginPageObject.logout(TrendyolLoginPageObject.java:58)
	at com.trendyol.stepdefs.TrendyolLoginSteps.iShouldLoggedOut(TrendyolLoginSteps.java:48)
	at ✽.And I should logged out(trendyol.feature:23)
]]></failure>
</testcase>
<testcase classname="Trendyol" name="Check tabbed menu pages 4" time="53.1323">
<failure message="java.lang.IndexOutOfBoundsException: Index: 7, Size: 0&#13;&#10;&#9;at java.util.ArrayList.rangeCheck(ArrayList.java:657)&#13;&#10;&#9;at java.util.ArrayList.get(ArrayList.java:433)&#13;&#10;&#9;at com.trendyol.pageobjects.web.TrendyolLoginPageObject.logout(TrendyolLoginPageObject.java:58)&#13;&#10;&#9;at com.trendyol.stepdefs.TrendyolLoginSteps.iShouldLoggedOut(TrendyolLoginSteps.java:48)&#13;&#10;&#9;at ✽.And I should logged out(trendyol.feature:23)&#13;&#10;"><![CDATA[Given I am a trendyol user..................................................passed
And I login to trendyol with valid credentials..............................passed
When I open a menu 4 category...............................................passed
Then Page should be loaded properly.........................................passed
And I should logged out.....................................................failed

StackTrace:
java.lang.IndexOutOfBoundsException: Index: 7, Size: 0
	at java.util.ArrayList.rangeCheck(ArrayList.java:657)
	at java.util.ArrayList.get(ArrayList.java:433)
	at com.trendyol.pageobjects.web.TrendyolLoginPageObject.logout(TrendyolLoginPageObject.java:58)
	at com.trendyol.stepdefs.TrendyolLoginSteps.iShouldLoggedOut(TrendyolLoginSteps.java:48)
	at ✽.And I should logged out(trendyol.feature:23)
]]></failure>
</testcase>
<testcase classname="Trendyol" name="Check tabbed menu pages 5" time="53.969397">
<failure message="java.lang.IndexOutOfBoundsException: Index: 7, Size: 0&#13;&#10;&#9;at java.util.ArrayList.rangeCheck(ArrayList.java:657)&#13;&#10;&#9;at java.util.ArrayList.get(ArrayList.java:433)&#13;&#10;&#9;at com.trendyol.pageobjects.web.TrendyolLoginPageObject.logout(TrendyolLoginPageObject.java:58)&#13;&#10;&#9;at com.trendyol.stepdefs.TrendyolLoginSteps.iShouldLoggedOut(TrendyolLoginSteps.java:48)&#13;&#10;&#9;at ✽.And I should logged out(trendyol.feature:23)&#13;&#10;"><![CDATA[Given I am a trendyol user..................................................passed
And I login to trendyol with valid credentials..............................passed
When I open a menu 5 category...............................................passed
Then Page should be loaded properly.........................................passed
And I should logged out.....................................................failed

StackTrace:
java.lang.IndexOutOfBoundsException: Index: 7, Size: 0
	at java.util.ArrayList.rangeCheck(ArrayList.java:657)
	at java.util.ArrayList.get(ArrayList.java:433)
	at com.trendyol.pageobjects.web.TrendyolLoginPageObject.logout(TrendyolLoginPageObject.java:58)
	at com.trendyol.stepdefs.TrendyolLoginSteps.iShouldLoggedOut(TrendyolLoginSteps.java:48)
	at ✽.And I should logged out(trendyol.feature:23)
]]></failure>
</testcase>
<testcase classname="Trendyol" name="Check tabbed menu pages 6" time="53.248347">
<failure message="java.lang.IndexOutOfBoundsException: Index: 7, Size: 0&#13;&#10;&#9;at java.util.ArrayList.rangeCheck(ArrayList.java:657)&#13;&#10;&#9;at java.util.ArrayList.get(ArrayList.java:433)&#13;&#10;&#9;at com.trendyol.pageobjects.web.TrendyolLoginPageObject.logout(TrendyolLoginPageObject.java:58)&#13;&#10;&#9;at com.trendyol.stepdefs.TrendyolLoginSteps.iShouldLoggedOut(TrendyolLoginSteps.java:48)&#13;&#10;&#9;at ✽.And I should logged out(trendyol.feature:23)&#13;&#10;"><![CDATA[Given I am a trendyol user..................................................passed
And I login to trendyol with valid credentials..............................passed
When I open a menu 6 category...............................................passed
Then Page should be loaded properly.........................................passed
And I should logged out.....................................................failed

StackTrace:
java.lang.IndexOutOfBoundsException: Index: 7, Size: 0
	at java.util.ArrayList.rangeCheck(ArrayList.java:657)
	at java.util.ArrayList.get(ArrayList.java:433)
	at com.trendyol.pageobjects.web.TrendyolLoginPageObject.logout(TrendyolLoginPageObject.java:58)
	at com.trendyol.stepdefs.TrendyolLoginSteps.iShouldLoggedOut(TrendyolLoginSteps.java:48)
	at ✽.And I should logged out(trendyol.feature:23)
]]></failure>
</testcase>
<testcase classname="Trendyol" name="Check tabbed menu pages 7" time="53.63819">
<failure message="java.lang.IndexOutOfBoundsException: Index: 7, Size: 0&#13;&#10;&#9;at java.util.ArrayList.rangeCheck(ArrayList.java:657)&#13;&#10;&#9;at java.util.ArrayList.get(ArrayList.java:433)&#13;&#10;&#9;at com.trendyol.pageobjects.web.TrendyolLoginPageObject.logout(TrendyolLoginPageObject.java:58)&#13;&#10;&#9;at com.trendyol.stepdefs.TrendyolLoginSteps.iShouldLoggedOut(TrendyolLoginSteps.java:48)&#13;&#10;&#9;at ✽.And I should logged out(trendyol.feature:23)&#13;&#10;"><![CDATA[Given I am a trendyol user..................................................passed
And I login to trendyol with valid credentials..............................passed
When I open a menu 7 category...............................................passed
Then Page should be loaded properly.........................................passed
And I should logged out.....................................................failed

StackTrace:
java.lang.IndexOutOfBoundsException: Index: 7, Size: 0
	at java.util.ArrayList.rangeCheck(ArrayList.java:657)
	at java.util.ArrayList.get(ArrayList.java:433)
	at com.trendyol.pageobjects.web.TrendyolLoginPageObject.logout(TrendyolLoginPageObject.java:58)
	at com.trendyol.stepdefs.TrendyolLoginSteps.iShouldLoggedOut(TrendyolLoginSteps.java:48)
	at ✽.And I should logged out(trendyol.feature:23)
]]></failure>
</testcase>
<testcase classname="Trendyol" name="Check tabbed menu pages 8" time="53.095045">
<failure message="java.lang.IndexOutOfBoundsException: Index: 7, Size: 0&#13;&#10;&#9;at java.util.ArrayList.rangeCheck(ArrayList.java:657)&#13;&#10;&#9;at java.util.ArrayList.get(ArrayList.java:433)&#13;&#10;&#9;at com.trendyol.pageobjects.web.TrendyolLoginPageObject.logout(TrendyolLoginPageObject.java:58)&#13;&#10;&#9;at com.trendyol.stepdefs.TrendyolLoginSteps.iShouldLoggedOut(TrendyolLoginSteps.java:48)&#13;&#10;&#9;at ✽.And I should logged out(trendyol.feature:23)&#13;&#10;"><![CDATA[Given I am a trendyol user..................................................passed
And I login to trendyol with valid credentials..............................passed
When I open a menu 8 category...............................................passed
Then Page should be loaded properly.........................................passed
And I should logged out.....................................................failed

StackTrace:
java.lang.IndexOutOfBoundsException: Index: 7, Size: 0
	at java.util.ArrayList.rangeCheck(ArrayList.java:657)
	at java.util.ArrayList.get(ArrayList.java:433)
	at com.trendyol.pageobjects.web.TrendyolLoginPageObject.logout(TrendyolLoginPageObject.java:58)
	at com.trendyol.stepdefs.TrendyolLoginSteps.iShouldLoggedOut(TrendyolLoginSteps.java:48)
	at ✽.And I should logged out(trendyol.feature:23)
]]></failure>
</testcase>
<testcase classname="Trendyol" name="Check tabbed menu pages 9" time="53.310923">
<failure message="java.lang.IndexOutOfBoundsException: Index: 7, Size: 0&#13;&#10;&#9;at java.util.ArrayList.rangeCheck(ArrayList.java:657)&#13;&#10;&#9;at java.util.ArrayList.get(ArrayList.java:433)&#13;&#10;&#9;at com.trendyol.pageobjects.web.TrendyolLoginPageObject.logout(TrendyolLoginPageObject.java:58)&#13;&#10;&#9;at com.trendyol.stepdefs.TrendyolLoginSteps.iShouldLoggedOut(TrendyolLoginSteps.java:48)&#13;&#10;&#9;at ✽.And I should logged out(trendyol.feature:23)&#13;&#10;"><![CDATA[Given I am a trendyol user..................................................passed
And I login to trendyol with valid credentials..............................passed
When I open a menu 9 category...............................................passed
Then Page should be loaded properly.........................................passed
And I should logged out.....................................................failed

StackTrace:
java.lang.IndexOutOfBoundsException: Index: 7, Size: 0
	at java.util.ArrayList.rangeCheck(ArrayList.java:657)
	at java.util.ArrayList.get(ArrayList.java:433)
	at com.trendyol.pageobjects.web.TrendyolLoginPageObject.logout(TrendyolLoginPageObject.java:58)
	at com.trendyol.stepdefs.TrendyolLoginSteps.iShouldLoggedOut(TrendyolLoginSteps.java:48)
	at ✽.And I should logged out(trendyol.feature:23)
]]></failure>
</testcase>
<testcase classname="Trendyol" name="Check tabbed menu pages 10" time="53.043865">
<failure message="java.lang.IndexOutOfBoundsException: Index: 7, Size: 0&#13;&#10;&#9;at java.util.ArrayList.rangeCheck(ArrayList.java:657)&#13;&#10;&#9;at java.util.ArrayList.get(ArrayList.java:433)&#13;&#10;&#9;at com.trendyol.pageobjects.web.TrendyolLoginPageObject.logout(TrendyolLoginPageObject.java:58)&#13;&#10;&#9;at com.trendyol.stepdefs.TrendyolLoginSteps.iShouldLoggedOut(TrendyolLoginSteps.java:48)&#13;&#10;&#9;at ✽.And I should logged out(trendyol.feature:23)&#13;&#10;"><![CDATA[Given I am a trendyol user..................................................passed
And I login to trendyol with valid credentials..............................passed
When I open a menu 10 category..............................................passed
Then Page should be loaded properly.........................................passed
And I should logged out.....................................................failed

StackTrace:
java.lang.IndexOutOfBoundsException: Index: 7, Size: 0
	at java.util.ArrayList.rangeCheck(ArrayList.java:657)
	at java.util.ArrayList.get(ArrayList.java:433)
	at com.trendyol.pageobjects.web.TrendyolLoginPageObject.logout(TrendyolLoginPageObject.java:58)
	at com.trendyol.stepdefs.TrendyolLoginSteps.iShouldLoggedOut(TrendyolLoginSteps.java:48)
	at ✽.And I should logged out(trendyol.feature:23)
]]></failure>
</testcase>
</testsuite>
