<?xml version="1.0" encoding="UTF-8"?><testsuite failures="0" name="cucumber.runtime.formatter.JUnitFormatter" skipped="0" tests="10" time="498.208139">
<testcase classname="Trendyol" name="Check tabbed menu pages 1" time="77.261869">
<system-out><![CDATA[Given I am a trendyol user..................................................passed
And I login to trendyol with valid credentials..............................passed
When I open a menu 1 category...............................................passed
Then Page should be loaded properly.........................................passed
And I should logged out.....................................................passed
]]></system-out>
</testcase>
<testcase classname="Trendyol" name="Check tabbed menu pages 2" time="99.058628">
<system-out><![CDATA[Given I am a trendyol user..................................................passed
And I login to trendyol with valid credentials..............................passed
When I open a menu 2 category...............................................passed
Then Page should be loaded properly.........................................passed
And I should logged out.....................................................passed
]]></system-out>
</testcase>
<testcase classname="Trendyol" name="Check tabbed menu pages 3" time="45.526272">
<system-out><![CDATA[Given I am a trendyol user..................................................passed
And I login to trendyol with valid credentials..............................passed
When I open a menu 3 category...............................................passed
Then Page should be loaded properly.........................................passed
And I should logged out.....................................................passed
]]></system-out>
</testcase>
<testcase classname="Trendyol" name="Check tabbed menu pages 4" time="35.480461">
<system-out><![CDATA[Given I am a trendyol user..................................................passed
And I login to trendyol with valid credentials..............................passed
When I open a menu 4 category...............................................passed
Then Page should be loaded properly.........................................passed
And I should logged out.....................................................passed
]]></system-out>
</testcase>
<testcase classname="Trendyol" name="Check tabbed menu pages 5" time="38.103013">
<system-out><![CDATA[Given I am a trendyol user..................................................passed
And I login to trendyol with valid credentials..............................passed
When I open a menu 5 category...............................................passed
Then Page should be loaded properly.........................................passed
And I should logged out.....................................................passed
]]></system-out>
</testcase>
<testcase classname="Trendyol" name="Check tabbed menu pages 6" time="38.961026">
<system-out><![CDATA[Given I am a trendyol user..................................................passed
And I login to trendyol with valid credentials..............................passed
When I open a menu 6 category...............................................passed
Then Page should be loaded properly.........................................passed
And I should logged out.....................................................passed
]]></system-out>
</testcase>
<testcase classname="Trendyol" name="Check tabbed menu pages 7" time="39.047328">
<system-out><![CDATA[Given I am a trendyol user..................................................passed
And I login to trendyol with valid credentials..............................passed
When I open a menu 7 category...............................................passed
Then Page should be loaded properly.........................................passed
And I should logged out.....................................................passed
]]></system-out>
</testcase>
<testcase classname="Trendyol" name="Check tabbed menu pages 8" time="35.523391">
<system-out><![CDATA[Given I am a trendyol user..................................................passed
And I login to trendyol with valid credentials..............................passed
When I open a menu 8 category...............................................passed
Then Page should be loaded properly.........................................passed
And I should logged out.....................................................passed
]]></system-out>
</testcase>
<testcase classname="Trendyol" name="Check tabbed menu pages 9" time="35.922756">
<system-out><![CDATA[Given I am a trendyol user..................................................passed
And I login to trendyol with valid credentials..............................passed
When I open a menu 9 category...............................................passed
Then Page should be loaded properly.........................................passed
And I should logged out.....................................................passed
]]></system-out>
</testcase>
<testcase classname="Trendyol" name="Check tabbed menu pages 10" time="53.323395">
<system-out><![CDATA[Given I am a trendyol user..................................................passed
And I login to trendyol with valid credentials..............................passed
When I open a menu 10 category..............................................passed
Then Page should be loaded properly.........................................passed
And I should logged out.....................................................passed
]]></system-out>
</testcase>
</testsuite>
